<?xml version="1.0" encoding="UTF-8"?>
<!-- Generated by org.testng.reporters.JUnitReportReporter -->
<testsuite name="com.org.ebates.SignUpTest" tests="1" time="10.885" ignored="0" failures="0" timestamp="14 Feb 2017 09:45:48 GMT" skipped="0" hostname="reddys-MacBook-Pro.local" errors="0">
  <testcase name="SignUpTest" time="10.885" classname="com.org.ebates.SignUpTest"/>
</testsuite> <!-- com.org.ebates.SignUpTest -->
